<?xml version="1.0" encoding="UTF-8"?>
<testsuite xmlns:xsi="http://www.w3.org/2001/XMLSchema-instance" xsi:noNamespaceSchemaLocation="https://maven.apache.org/surefire/maven-surefire-plugin/xsd/surefire-test-report.xsd" name="com.jcs.AppTest" time="0.036" tests="1" errors="0" skipped="0" failures="0">
  <properties>
    <property name="sun.desktop" value="windows"/>
    <property name="awt.toolkit" value="sun.awt.windows.WToolkit"/>
    <property name="file.encoding.pkg" value="sun.io"/>
    <property name="java.specification.version" value="1.8"/>
    <property name="sun.cpu.isalist" value="amd64"/>
    <property name="sun.jnu.encoding" value="Cp1252"/>
    <property name="java.class.path" value="D:\Projects\EclipseProjects\jcs\target\test-classes;D:\Projects\EclipseProjects\jcs\target\classes;C:\Users\xpuni\.m2\repository\junit\junit\4.11\junit-4.11.jar;C:\Users\xpuni\.m2\repository\org\hamcrest\hamcrest-core\1.3\hamcrest-core-1.3.jar;C:\Users\xpuni\.m2\repository\jcs\jcs\1.3\jcs-1.3.jar;C:\Users\xpuni\.m2\repository\commons-collections\commons-collections\3.2\commons-collections-3.2.jar;C:\Users\xpuni\.m2\repository\commons-configuration\commons-configuration\1.4\commons-configuration-1.4.jar;C:\Users\xpuni\.m2\repository\commons-logging\commons-logging-api\1.0.4\commons-logging-api-1.0.4.jar;C:\Users\xpuni\.m2\repository\commons-digester\commons-digester\1.8\commons-digester-1.8.jar;C:\Users\xpuni\.m2\repository\commons-beanutils\commons-beanutils\1.7.0\commons-beanutils-1.7.0.jar;C:\Users\xpuni\.m2\repository\commons-beanutils\commons-beanutils-core\1.7.0\commons-beanutils-core-1.7.0.jar;C:\Users\xpuni\.m2\repository\commons-codec\commons-codec\1.3\commons-codec-1.3.jar;C:\Users\xpuni\.m2\repository\commons-jxpath\commons-jxpath\1.2\commons-jxpath-1.2.jar;C:\Users\xpuni\.m2\repository\xerces\xerces\1.2.3\xerces-1.2.3.jar;C:\Users\xpuni\.m2\repository\ant\ant-optional\1.5.1\ant-optional-1.5.1.jar;C:\Users\xpuni\.m2\repository\jdom\jdom\b9\jdom-b9.jar;C:\Users\xpuni\.m2\repository\commons-logging\commons-logging\1.1\commons-logging-1.1.jar;C:\Users\xpuni\.m2\repository\logkit\logkit\1.0.1\logkit-1.0.1.jar;C:\Users\xpuni\.m2\repository\avalon-framework\avalon-framework\4.1.3\avalon-framework-4.1.3.jar;C:\Users\xpuni\.m2\repository\commons-lang\commons-lang\2.1\commons-lang-2.1.jar;C:\Users\xpuni\.m2\repository\commons-dbcp\commons-dbcp\1.2.2\commons-dbcp-1.2.2.jar;C:\Users\xpuni\.m2\repository\commons-pool\commons-pool\1.3\commons-pool-1.3.jar;C:\Users\xpuni\.m2\repository\concurrent\concurrent\1.0\concurrent-1.0.jar;C:\Users\xpuni\.m2\repository\hsqldb\hsqldb\1.7.3.3\hsqldb-1.7.3.3.jar;C:\Users\xpuni\.m2\repository\log4j\log4j\1.2.12\log4j-1.2.12.jar;C:\Users\xpuni\.m2\repository\javax\servlet\servlet-api\2.3\servlet-api-2.3.jar;C:\Users\xpuni\.m2\repository\tomcat\tomcat-util\3.2.1\tomcat-util-3.2.1.jar;C:\Users\xpuni\.m2\repository\velocity\velocity\1.5\velocity-1.5.jar;C:\Users\xpuni\.m2\repository\oro\oro\2.0.8\oro-2.0.8.jar;C:\Users\xpuni\.m2\repository\xmlrpc\xmlrpc\2.0\xmlrpc-2.0.jar;C:\Users\xpuni\.m2\repository\xerces\xercesImpl\2.6.2\xercesImpl-2.6.2.jar;C:\Users\xpuni\.m2\repository\xml-apis\xml-apis\1.0.b2\xml-apis-1.0.b2.jar;C:\Users\xpuni\.m2\repository\berkeleydb\berkeleydb\1.5.1\berkeleydb-1.5.1.jar;C:\Users\xpuni\.m2\repository\mysql\mysql-connector-java\8.0.16\mysql-connector-java-8.0.16.jar;C:\Users\xpuni\.m2\repository\com\google\protobuf\protobuf-java\3.6.1\protobuf-java-3.6.1.jar;"/>
    <property name="java.vm.vendor" value="BellSoft"/>
    <property name="sun.arch.data.model" value="64"/>
    <property name="user.variant" value=""/>
    <property name="java.vendor.url" value="https://bell-sw.com/"/>
    <property name="user.timezone" value="Europe/Berlin"/>
    <property name="java.vm.specification.version" value="1.8"/>
    <property name="os.name" value="Windows 10"/>
    <property name="user.country" value="IT"/>
    <property name="sun.java.launcher" value="SUN_STANDARD"/>
    <property name="sun.boot.library.path" value="D:\Software\Eclipse\Java\jdk8u275-full\jre\bin"/>
    <property name="sun.java.command" value="C:\Users\xpuni\AppData\Local\Temp\surefire1767407130837575246\surefirebooter2843320327945116323.jar C:\Users\xpuni\AppData\Local\Temp\surefire1767407130837575246 2021-05-02T18-43-06_771-jvmRun1 surefire8077255352318744748tmp surefire_05836892189972284437tmp"/>
    <property name="surefire.test.class.path" value="D:\Projects\EclipseProjects\jcs\target\test-classes;D:\Projects\EclipseProjects\jcs\target\classes;C:\Users\xpuni\.m2\repository\junit\junit\4.11\junit-4.11.jar;C:\Users\xpuni\.m2\repository\org\hamcrest\hamcrest-core\1.3\hamcrest-core-1.3.jar;C:\Users\xpuni\.m2\repository\jcs\jcs\1.3\jcs-1.3.jar;C:\Users\xpuni\.m2\repository\commons-collections\commons-collections\3.2\commons-collections-3.2.jar;C:\Users\xpuni\.m2\repository\commons-configuration\commons-configuration\1.4\commons-configuration-1.4.jar;C:\Users\xpuni\.m2\repository\commons-logging\commons-logging-api\1.0.4\commons-logging-api-1.0.4.jar;C:\Users\xpuni\.m2\repository\commons-digester\commons-digester\1.8\commons-digester-1.8.jar;C:\Users\xpuni\.m2\repository\commons-beanutils\commons-beanutils\1.7.0\commons-beanutils-1.7.0.jar;C:\Users\xpuni\.m2\repository\commons-beanutils\commons-beanutils-core\1.7.0\commons-beanutils-core-1.7.0.jar;C:\Users\xpuni\.m2\repository\commons-codec\commons-codec\1.3\commons-codec-1.3.jar;C:\Users\xpuni\.m2\repository\commons-jxpath\commons-jxpath\1.2\commons-jxpath-1.2.jar;C:\Users\xpuni\.m2\repository\xerces\xerces\1.2.3\xerces-1.2.3.jar;C:\Users\xpuni\.m2\repository\ant\ant-optional\1.5.1\ant-optional-1.5.1.jar;C:\Users\xpuni\.m2\repository\jdom\jdom\b9\jdom-b9.jar;C:\Users\xpuni\.m2\repository\commons-logging\commons-logging\1.1\commons-logging-1.1.jar;C:\Users\xpuni\.m2\repository\logkit\logkit\1.0.1\logkit-1.0.1.jar;C:\Users\xpuni\.m2\repository\avalon-framework\avalon-framework\4.1.3\avalon-framework-4.1.3.jar;C:\Users\xpuni\.m2\repository\commons-lang\commons-lang\2.1\commons-lang-2.1.jar;C:\Users\xpuni\.m2\repository\commons-dbcp\commons-dbcp\1.2.2\commons-dbcp-1.2.2.jar;C:\Users\xpuni\.m2\repository\commons-pool\commons-pool\1.3\commons-pool-1.3.jar;C:\Users\xpuni\.m2\repository\concurrent\concurrent\1.0\concurrent-1.0.jar;C:\Users\xpuni\.m2\repository\hsqldb\hsqldb\1.7.3.3\hsqldb-1.7.3.3.jar;C:\Users\xpuni\.m2\repository\log4j\log4j\1.2.12\log4j-1.2.12.jar;C:\Users\xpuni\.m2\repository\javax\servlet\servlet-api\2.3\servlet-api-2.3.jar;C:\Users\xpuni\.m2\repository\tomcat\tomcat-util\3.2.1\tomcat-util-3.2.1.jar;C:\Users\xpuni\.m2\repository\velocity\velocity\1.5\velocity-1.5.jar;C:\Users\xpuni\.m2\repository\oro\oro\2.0.8\oro-2.0.8.jar;C:\Users\xpuni\.m2\repository\xmlrpc\xmlrpc\2.0\xmlrpc-2.0.jar;C:\Users\xpuni\.m2\repository\xerces\xercesImpl\2.6.2\xercesImpl-2.6.2.jar;C:\Users\xpuni\.m2\repository\xml-apis\xml-apis\1.0.b2\xml-apis-1.0.b2.jar;C:\Users\xpuni\.m2\repository\berkeleydb\berkeleydb\1.5.1\berkeleydb-1.5.1.jar;C:\Users\xpuni\.m2\repository\mysql\mysql-connector-java\8.0.16\mysql-connector-java-8.0.16.jar;C:\Users\xpuni\.m2\repository\com\google\protobuf\protobuf-java\3.6.1\protobuf-java-3.6.1.jar;"/>
    <property name="sun.cpu.endian" value="little"/>
    <property name="user.home" value="C:\Users\xpuni"/>
    <property name="user.language" value="it"/>
    <property name="java.specification.vendor" value="Oracle Corporation"/>
    <property name="java.home" value="D:\Software\Eclipse\Java\jdk8u275-full\jre"/>
    <property name="basedir" value="D:\Projects\EclipseProjects\jcs"/>
    <property name="file.separator" value="\"/>
    <property name="line.separator" value="&#10;"/>
    <property name="java.vm.specification.vendor" value="Oracle Corporation"/>
    <property name="java.specification.name" value="Java Platform API Specification"/>
    <property name="java.awt.graphicsenv" value="sun.awt.Win32GraphicsEnvironment"/>
    <property name="surefire.real.class.path" value="C:\Users\xpuni\AppData\Local\Temp\surefire1767407130837575246\surefirebooter2843320327945116323.jar"/>
    <property name="sun.boot.class.path" value="D:\Software\Eclipse\Java\jdk8u275-full\jre\lib\resources.jar;D:\Software\Eclipse\Java\jdk8u275-full\jre\lib\rt.jar;D:\Software\Eclipse\Java\jdk8u275-full\jre\lib\sunrsasign.jar;D:\Software\Eclipse\Java\jdk8u275-full\jre\lib\jsse.jar;D:\Software\Eclipse\Java\jdk8u275-full\jre\lib\jce.jar;D:\Software\Eclipse\Java\jdk8u275-full\jre\lib\charsets.jar;D:\Software\Eclipse\Java\jdk8u275-full\jre\lib\jfr.jar;D:\Software\Eclipse\Java\jdk8u275-full\jre\classes"/>
    <property name="user.script" value=""/>
    <property name="sun.management.compiler" value="HotSpot 64-Bit Tiered Compilers"/>
    <property name="java.runtime.version" value="1.8.0_275-b01"/>
    <property name="user.name" value="xpuni"/>
    <property name="path.separator" value=";"/>
    <property name="os.version" value="10.0"/>
    <property name="java.endorsed.dirs" value="D:\Software\Eclipse\Java\jdk8u275-full\jre\lib\endorsed"/>
    <property name="java.runtime.name" value="OpenJDK Runtime Environment"/>
    <property name="file.encoding" value="Cp1252"/>
    <property name="java.vm.name" value="OpenJDK 64-Bit Server VM"/>
    <property name="localRepository" value="C:\Users\xpuni\.m2\repository"/>
    <property name="java.vendor.url.bug" value="https://bell-sw.com/support"/>
    <property name="java.io.tmpdir" value="C:\Users\xpuni\AppData\Local\Temp\"/>
    <property name="java.version" value="1.8.0_275"/>
    <property name="user.dir" value="D:\Projects\EclipseProjects\jcs"/>
    <property name="os.arch" value="amd64"/>
    <property name="java.vm.specification.name" value="Java Virtual Machine Specification"/>
    <property name="java.awt.printerjob" value="sun.awt.windows.WPrinterJob"/>
    <property name="sun.os.patch.level" value=""/>
    <property name="java.library.path" value="D:\Software\Eclipse\Java\jdk8u275-full\jre\bin;C:\WINDOWS\Sun\Java\bin;C:\WINDOWS\system32;C:\WINDOWS;C:/Program Files/Java/jdk-15.0.1/bin/server;C:/Program Files/Java/jdk-15.0.1/bin;E:\Software\VMware\bin\;C:\Program Files (x86)\Common Files\Oracle\Java\javapath;C:\Program Files\Common Files\Oracle\Java\javapath;C:\Program Files (x86)\Common Files\Intel\Shared Libraries\redist\intel64_win\compiler;C:\Program Files (x86)\Common Files\Intel\Shared Libraries\redist\intel64\compiler;C:\Program Files (x86)\Razer Chroma SDK\bin;C:\Program Files\Razer Chroma SDK\bin;C:\Windows\system32;C:\Windows;C:\Windows\System32\Wbem;C:\Windows\System32\WindowsPowerShell\v1.0\;C:\Windows\System32\OpenSSH\;C:\Users\xpuni\AppData\Local\Microsoft\WindowsApps;C:\Program Files\NVIDIA Corporation\NVIDIA NvDLISR;C:\WINDOWS\system32;C:\WINDOWS;C:\WINDOWS\System32\Wbem;C:\WINDOWS\System32\WindowsPowerShell\v1.0\;C:\WINDOWS\System32\OpenSSH\;C:\Program Files (x86)\Intel\Intel(R) Management Engine Components\DAL;C:\Program Files\Intel\Intel(R) Management Engine Components\DAL;C:\Program Files\Common Files\Autodesk Shared\;C:\Program Files\Microsoft SQL Server\120\Tools\Binn\;C:\Program Files\ISC BIND 9\bin;E:\Software\MinGW\bin;E:\Software\Touch Portal\plugins\adb\platform-tools;D:\Software\TortoiseSVN\bin;C:\Program Files\dotnet\;D:\Software\Git\cmd;C:\Program Files (x86)\NVIDIA Corporation\PhysX\Common;C:\Users\xpuni\AppData\Local\Microsoft\WindowsApps;E:\Software\TeX\miktex\bin\x64\;E:\Software\Sonar Scanner\sonar-scanner-4.4.0.2170-windows\bin;C:\Users\xpuni\AppData\Local\gitkraken\bin;C:\Program Files\Maven\bin;;C:\Users\xpuni\AppData\Local\Microsoft\WindowsApps;D:\Software\Eclipse\Eclipse\eclipse;;."/>
    <property name="java.vm.info" value="mixed mode"/>
    <property name="java.vendor" value="BellSoft"/>
    <property name="java.vm.version" value="25.275-b01"/>
    <property name="java.ext.dirs" value="D:\Software\Eclipse\Java\jdk8u275-full\jre\lib\ext;C:\WINDOWS\Sun\Java\lib\ext"/>
    <property name="sun.io.unicode.encoding" value="UnicodeLittle"/>
    <property name="java.class.version" value="52.0"/>
  </properties>
  <testcase name="shouldAnswerWithTrue" classname="com.jcs.AppTest" time="0"/>
</testsuite>